

===============================================================================
                 Wed Mar 23 2022 13:31:15 GMT+0900 (대한민국 표준시)
===============================================================================

errorMiddleware @ 22-03-23 / 13:32:29 $
TypeError: Cannot read properties of undefined (reading 'addCertificate')
    at C:\Users\정현\Desktop\개인프로젝트\MVP\portfolio\back\src\routers\/certificateRouter.js:37:61
    at Layer.handle [as handle_request] (C:\Users\정현\Desktop\개인프로젝트\MVP\portfolio\back\node_modules\express\lib\router\layer.js:95:5)
    at next (C:\Users\정현\Desktop\개인프로젝트\MVP\portfolio\back\node_modules\express\lib\router\route.js:137:13)
    at login_required (C:\Users\정현\Desktop\개인프로젝트\MVP\portfolio\back\src\middlewares\/login_required.js:23:9)
    at Layer.handle [as handle_request] (C:\Users\정현\Desktop\개인프로젝트\MVP\portfolio\back\node_modules\express\lib\router\layer.js:95:5)
    at next (C:\Users\정현\Desktop\개인프로젝트\MVP\portfolio\back\node_modules\express\lib\router\route.js:137:13)
    at Route.dispatch (C:\Users\정현\Desktop\개인프로젝트\MVP\portfolio\back\node_modules\express\lib\router\route.js:112:3)
    at Layer.handle [as handle_request] (C:\Users\정현\Desktop\개인프로젝트\MVP\portfolio\back\node_modules\express\lib\router\layer.js:95:5)
    at C:\Users\정현\Desktop\개인프로젝트\MVP\portfolio\back\node_modules\express\lib\router\index.js:281:22
    at Function.process_params (C:\Users\정현\Desktop\개인프로젝트\MVP\portfolio\back\node_modules\express\lib\router\index.js:335:12)



===============================================================================
                 Wed Mar 23 2022 13:34:50 GMT+0900 (대한민국 표준시)
===============================================================================

errorMiddleware @ 22-03-23 / 13:36:48 $
RequestError: record {8ff723a6-72aa-4df6-9149-72233cf8675a} not found
    at C:\Users\정현\Desktop\개인프로젝트\MVP\portfolio\back\src\routers\/certificateRouter.js:125:23
    at processTicksAndRejections (node:internal/process/task_queues:96:5) {
  status: 404,
  payload: { result: false }
}

errorMiddleware @ 22-03-23 / 13:38:06 $
RequestError: record {29e2f39c-afcd-4dee-8da4-d5c90995e39f} not found
    at C:\Users\정현\Desktop\개인프로젝트\MVP\portfolio\back\src\routers\/certificateRouter.js:152:23
    at processTicksAndRejections (node:internal/process/task_queues:96:5) {
  status: 404,
  payload: { result: false }
}

errorMiddleware @ 22-03-23 / 13:38:21 $
Error: Certificate validation failed: title: Path `title` is required.
    at ValidationError.inspect (C:\Users\정현\Desktop\개인프로젝트\MVP\portfolio\back\node_modules\mongoose\lib\error\validation.js:48:26)
    at formatValue (node:internal/util/inspect:780:19)
    at Object.inspect (node:internal/util/inspect:345:10)
    at map (C:\Users\정현\Desktop\개인프로젝트\MVP\portfolio\back\src\utils\/logging.js:186:36)
    at Array.map (<anonymous>)
    at Logger.log (C:\Users\정현\Desktop\개인프로젝트\MVP\portfolio\back\src\utils\/logging.js:185:18)
    at errorMiddleware (C:\Users\정현\Desktop\개인프로젝트\MVP\portfolio\back\src\middlewares\/errorMiddleware.js:14:12)
    at Layer.handle_error (C:\Users\정현\Desktop\개인프로젝트\MVP\portfolio\back\node_modules\express\lib\router\layer.js:71:5)
    at trim_prefix (C:\Users\정현\Desktop\개인프로젝트\MVP\portfolio\back\node_modules\express\lib\router\index.js:315:13)
    at C:\Users\정현\Desktop\개인프로젝트\MVP\portfolio\back\node_modules\express\lib\router\index.js:284:7 {
  errors: {
    title: ValidatorError: Path `title` is required.
        at validate (C:\Users\정현\Desktop\개인프로젝트\MVP\portfolio\back\node_modules\mongoose\lib\schematype.js:1322:13)
        at C:\Users\정현\Desktop\개인프로젝트\MVP\portfolio\back\node_modules\mongoose\lib\schematype.js:1305:7
        at Array.forEach (<anonymous>)
        at SchemaString.SchemaType.doValidate (C:\Users\정현\Desktop\개인프로젝트\MVP\portfolio\back\node_modules\mongoose\lib\schematype.js:1255:14)
        at C:\Users\정현\Desktop\개인프로젝트\MVP\portfolio\back\node_modules\mongoose\lib\document.js:2745:18
        at processTicksAndRejections (node:internal/process/task_queues:78:11) {
      properties: [Object],
      kind: 'required',
      path: 'title',
      value: '',
      reason: undefined,
      [Symbol(mongoose:validatorError)]: true
    }
  },
  _message: 'Certificate validation failed'
}

errorMiddleware @ 22-03-23 / 13:38:33 $
RequestError: User {2dfb31e4-a3d3-40e2-8dda-42abd33e85ae} is not allwed to modify data of user {af4ff0af-2a5f-4eea-99f2-d18b42aba419}
    at C:\Users\정현\Desktop\개인프로젝트\MVP\portfolio\back\src\routers\/certificateRouter.js:49:23
    at processTicksAndRejections (node:internal/process/task_queues:96:5) {
  status: 403,
  payload: { result: false }
}

errorMiddleware @ 22-03-23 / 13:39:02 $
RequestError: 
    at C:\Users\정현\Desktop\개인프로젝트\MVP\portfolio\back\src\routers\/certificateRouter.js:109:23
    at Layer.handle [as handle_request] (C:\Users\정현\Desktop\개인프로젝트\MVP\portfolio\back\node_modules\express\lib\router\layer.js:95:5)
    at next (C:\Users\정현\Desktop\개인프로젝트\MVP\portfolio\back\node_modules\express\lib\router\route.js:137:13)
    at login_required (C:\Users\정현\Desktop\개인프로젝트\MVP\portfolio\back\src\middlewares\/login_required.js:23:9)
    at Layer.handle [as handle_request] (C:\Users\정현\Desktop\개인프로젝트\MVP\portfolio\back\node_modules\express\lib\router\layer.js:95:5)
    at next (C:\Users\정현\Desktop\개인프로젝트\MVP\portfolio\back\node_modules\express\lib\router\route.js:137:13)
    at Route.dispatch (C:\Users\정현\Desktop\개인프로젝트\MVP\portfolio\back\node_modules\express\lib\router\route.js:112:3)
    at Layer.handle [as handle_request] (C:\Users\정현\Desktop\개인프로젝트\MVP\portfolio\back\node_modules\express\lib\router\layer.js:95:5)
    at C:\Users\정현\Desktop\개인프로젝트\MVP\portfolio\back\node_modules\express\lib\router\index.js:281:22
    at param (C:\Users\정현\Desktop\개인프로젝트\MVP\portfolio\back\node_modules\express\lib\router\index.js:354:14) {
  status: 400,
  payload: { result: false }
}

errorMiddleware @ 22-03-23 / 13:39:40 $
RequestError: User {7a282a61-d92a-464c-bbc4-4591dc751149} is not allwed to modify data of user {2dfb31e4-a3d3-40e2-8dda-42abd33e85ae}
    at C:\Users\정현\Desktop\개인프로젝트\MVP\portfolio\back\src\routers\/certificateRouter.js:125:23
    at processTicksAndRejections (node:internal/process/task_queues:96:5) {
  status: 403,
  payload: { result: false }
}

errorMiddleware @ 22-03-23 / 13:39:50 $
RequestError: record {4d5ec55f-c56d-42ff-979d-7d44b598ef03} not found
    at C:\Users\정현\Desktop\개인프로젝트\MVP\portfolio\back\src\routers\/certificateRouter.js:152:23
    at processTicksAndRejections (node:internal/process/task_queues:96:5) {
  status: 404,
  payload: { result: false }
}

errorMiddleware @ 22-03-23 / 13:40:02 $
RequestError: User {7a282a61-d92a-464c-bbc4-4591dc751149} is not allwed to modify data of user {2dfb31e4-a3d3-40e2-8dda-42abd33e85ae}
    at C:\Users\정현\Desktop\개인프로젝트\MVP\portfolio\back\src\routers\/certificateRouter.js:152:23
    at processTicksAndRejections (node:internal/process/task_queues:96:5) {
  status: 403,
  payload: { result: false }
}

errorMiddleware @ 22-03-23 / 13:40:08 $
RequestError: record {ff094a09-5cac-4f15-9608-94e6d2768880} not found
    at C:\Users\정현\Desktop\개인프로젝트\MVP\portfolio\back\src\routers\/certificateRouter.js:152:23
    at processTicksAndRejections (node:internal/process/task_queues:96:5) {
  status: 404,
  payload: { result: false }
}

errorMiddleware @ 22-03-23 / 13:40:52 $
RequestError: record {9801cf6f-e4c6-47e6-a927-4692cbaf2bb8} not found
    at C:\Users\정현\Desktop\개인프로젝트\MVP\portfolio\back\src\routers\/educationRouter.js:73:23
    at processTicksAndRejections (node:internal/process/task_queues:96:5) {
  status: 404,
  payload: { result: false }
}

errorMiddleware @ 22-03-23 / 13:41:24 $
RequestError: record {1f3e3f21-aa85-43e7-9b0e-3e8ba10a0fb7} not found
    at C:\Users\정현\Desktop\개인프로젝트\MVP\portfolio\back\src\routers\/educationRouter.js:152:23
    at processTicksAndRejections (node:internal/process/task_queues:96:5) {
  status: 404,
  payload: { result: false }
}

errorMiddleware @ 22-03-23 / 13:41:39 $
RequestError: User {2dfb31e4-a3d3-40e2-8dda-42abd33e85ae} is not allwed to modify data of user {2dfb31e4-a3d3-40e2-8dda-42abd33e85awe}
    at C:\Users\정현\Desktop\개인프로젝트\MVP\portfolio\back\src\routers\/educationRouter.js:49:23
    at processTicksAndRejections (node:internal/process/task_queues:96:5) {
  status: 403,
  payload: { result: false }
}

errorMiddleware @ 22-03-23 / 13:41:57 $
RequestError: User {af4ff0af-2a5f-4eea-99f2-d18b42aba419} is not allwed to modify data of user {2dfb31e4-a3d3-40e2-8dda-42abd33e85ae}
    at C:\Users\정현\Desktop\개인프로젝트\MVP\portfolio\back\src\routers\/educationRouter.js:125:23
    at processTicksAndRejections (node:internal/process/task_queues:96:5) {
  status: 403,
  payload: { result: false }
}

errorMiddleware @ 22-03-23 / 13:42:04 $
RequestError: 
    at C:\Users\정현\Desktop\개인프로젝트\MVP\portfolio\back\src\routers\/educationRouter.js:109:23
    at Layer.handle [as handle_request] (C:\Users\정현\Desktop\개인프로젝트\MVP\portfolio\back\node_modules\express\lib\router\layer.js:95:5)
    at next (C:\Users\정현\Desktop\개인프로젝트\MVP\portfolio\back\node_modules\express\lib\router\route.js:137:13)
    at login_required (C:\Users\정현\Desktop\개인프로젝트\MVP\portfolio\back\src\middlewares\/login_required.js:23:9)
    at Layer.handle [as handle_request] (C:\Users\정현\Desktop\개인프로젝트\MVP\portfolio\back\node_modules\express\lib\router\layer.js:95:5)
    at next (C:\Users\정현\Desktop\개인프로젝트\MVP\portfolio\back\node_modules\express\lib\router\route.js:137:13)
    at Route.dispatch (C:\Users\정현\Desktop\개인프로젝트\MVP\portfolio\back\node_modules\express\lib\router\route.js:112:3)
    at Layer.handle [as handle_request] (C:\Users\정현\Desktop\개인프로젝트\MVP\portfolio\back\node_modules\express\lib\router\layer.js:95:5)
    at C:\Users\정현\Desktop\개인프로젝트\MVP\portfolio\back\node_modules\express\lib\router\index.js:281:22
    at param (C:\Users\정현\Desktop\개인프로젝트\MVP\portfolio\back\node_modules\express\lib\router\index.js:354:14) {
  status: 400,
  payload: { result: false }
}

errorMiddleware @ 22-03-23 / 13:42:15 $
RequestError: 
    at C:\Users\정현\Desktop\개인프로젝트\MVP\portfolio\back\src\routers\/educationRouter.js:109:23
    at Layer.handle [as handle_request] (C:\Users\정현\Desktop\개인프로젝트\MVP\portfolio\back\node_modules\express\lib\router\layer.js:95:5)
    at next (C:\Users\정현\Desktop\개인프로젝트\MVP\portfolio\back\node_modules\express\lib\router\route.js:137:13)
    at login_required (C:\Users\정현\Desktop\개인프로젝트\MVP\portfolio\back\src\middlewares\/login_required.js:23:9)
    at Layer.handle [as handle_request] (C:\Users\정현\Desktop\개인프로젝트\MVP\portfolio\back\node_modules\express\lib\router\layer.js:95:5)
    at next (C:\Users\정현\Desktop\개인프로젝트\MVP\portfolio\back\node_modules\express\lib\router\route.js:137:13)
    at Route.dispatch (C:\Users\정현\Desktop\개인프로젝트\MVP\portfolio\back\node_modules\express\lib\router\route.js:112:3)
    at Layer.handle [as handle_request] (C:\Users\정현\Desktop\개인프로젝트\MVP\portfolio\back\node_modules\express\lib\router\layer.js:95:5)
    at C:\Users\정현\Desktop\개인프로젝트\MVP\portfolio\back\node_modules\express\lib\router\index.js:281:22
    at param (C:\Users\정현\Desktop\개인프로젝트\MVP\portfolio\back\node_modules\express\lib\router\index.js:354:14) {
  status: 400,
  payload: { result: false }
}

errorMiddleware @ 22-03-23 / 13:42:23 $
RequestError: 
    at C:\Users\정현\Desktop\개인프로젝트\MVP\portfolio\back\src\routers\/educationRouter.js:109:23
    at Layer.handle [as handle_request] (C:\Users\정현\Desktop\개인프로젝트\MVP\portfolio\back\node_modules\express\lib\router\layer.js:95:5)
    at next (C:\Users\정현\Desktop\개인프로젝트\MVP\portfolio\back\node_modules\express\lib\router\route.js:137:13)
    at login_required (C:\Users\정현\Desktop\개인프로젝트\MVP\portfolio\back\src\middlewares\/login_required.js:23:9)
    at Layer.handle [as handle_request] (C:\Users\정현\Desktop\개인프로젝트\MVP\portfolio\back\node_modules\express\lib\router\layer.js:95:5)
    at next (C:\Users\정현\Desktop\개인프로젝트\MVP\portfolio\back\node_modules\express\lib\router\route.js:137:13)
    at Route.dispatch (C:\Users\정현\Desktop\개인프로젝트\MVP\portfolio\back\node_modules\express\lib\router\route.js:112:3)
    at Layer.handle [as handle_request] (C:\Users\정현\Desktop\개인프로젝트\MVP\portfolio\back\node_modules\express\lib\router\layer.js:95:5)
    at C:\Users\정현\Desktop\개인프로젝트\MVP\portfolio\back\node_modules\express\lib\router\index.js:281:22
    at param (C:\Users\정현\Desktop\개인프로젝트\MVP\portfolio\back\node_modules\express\lib\router\index.js:354:14) {
  status: 400,
  payload: { result: false }
}

errorMiddleware @ 22-03-23 / 13:46:06 $
RequestError: User {7a282a61-d92a-464c-bbc4-4591dc751149} is not allwed to modify data of user {2dfb31e4-a3d3-40e2-8dda-42abd33e85ae}
    at C:\Users\정현\Desktop\개인프로젝트\MVP\portfolio\back\src\routers\/certificateRouter.js:125:23
    at processTicksAndRejections (node:internal/process/task_queues:96:5) {
  status: 403,
  payload: { result: false }
}

errorMiddleware @ 22-03-23 / 13:46:10 $
RequestError: 
    at C:\Users\정현\Desktop\개인프로젝트\MVP\portfolio\back\src\routers\/certificateRouter.js:109:23
    at Layer.handle [as handle_request] (C:\Users\정현\Desktop\개인프로젝트\MVP\portfolio\back\node_modules\express\lib\router\layer.js:95:5)
    at next (C:\Users\정현\Desktop\개인프로젝트\MVP\portfolio\back\node_modules\express\lib\router\route.js:137:13)
    at login_required (C:\Users\정현\Desktop\개인프로젝트\MVP\portfolio\back\src\middlewares\/login_required.js:23:9)
    at Layer.handle [as handle_request] (C:\Users\정현\Desktop\개인프로젝트\MVP\portfolio\back\node_modules\express\lib\router\layer.js:95:5)
    at next (C:\Users\정현\Desktop\개인프로젝트\MVP\portfolio\back\node_modules\express\lib\router\route.js:137:13)
    at Route.dispatch (C:\Users\정현\Desktop\개인프로젝트\MVP\portfolio\back\node_modules\express\lib\router\route.js:112:3)
    at Layer.handle [as handle_request] (C:\Users\정현\Desktop\개인프로젝트\MVP\portfolio\back\node_modules\express\lib\router\layer.js:95:5)
    at C:\Users\정현\Desktop\개인프로젝트\MVP\portfolio\back\node_modules\express\lib\router\index.js:281:22
    at param (C:\Users\정현\Desktop\개인프로젝트\MVP\portfolio\back\node_modules\express\lib\router\index.js:354:14) {
  status: 400,
  payload: { result: false }
}

errorMiddleware @ 22-03-23 / 13:46:25 $
RequestError: 
    at C:\Users\정현\Desktop\개인프로젝트\MVP\portfolio\back\src\routers\/certificateRouter.js:109:23
    at Layer.handle [as handle_request] (C:\Users\정현\Desktop\개인프로젝트\MVP\portfolio\back\node_modules\express\lib\router\layer.js:95:5)
    at next (C:\Users\정현\Desktop\개인프로젝트\MVP\portfolio\back\node_modules\express\lib\router\route.js:137:13)
    at login_required (C:\Users\정현\Desktop\개인프로젝트\MVP\portfolio\back\src\middlewares\/login_required.js:23:9)
    at Layer.handle [as handle_request] (C:\Users\정현\Desktop\개인프로젝트\MVP\portfolio\back\node_modules\express\lib\router\layer.js:95:5)
    at next (C:\Users\정현\Desktop\개인프로젝트\MVP\portfolio\back\node_modules\express\lib\router\route.js:137:13)
    at Route.dispatch (C:\Users\정현\Desktop\개인프로젝트\MVP\portfolio\back\node_modules\express\lib\router\route.js:112:3)
    at Layer.handle [as handle_request] (C:\Users\정현\Desktop\개인프로젝트\MVP\portfolio\back\node_modules\express\lib\router\layer.js:95:5)
    at C:\Users\정현\Desktop\개인프로젝트\MVP\portfolio\back\node_modules\express\lib\router\index.js:281:22
    at param (C:\Users\정현\Desktop\개인프로젝트\MVP\portfolio\back\node_modules\express\lib\router\index.js:354:14) {
  status: 400,
  payload: { result: false }
}

errorMiddleware @ 22-03-23 / 13:46:26 $
RequestError: 
    at C:\Users\정현\Desktop\개인프로젝트\MVP\portfolio\back\src\routers\/certificateRouter.js:109:23
    at Layer.handle [as handle_request] (C:\Users\정현\Desktop\개인프로젝트\MVP\portfolio\back\node_modules\express\lib\router\layer.js:95:5)
    at next (C:\Users\정현\Desktop\개인프로젝트\MVP\portfolio\back\node_modules\express\lib\router\route.js:137:13)
    at login_required (C:\Users\정현\Desktop\개인프로젝트\MVP\portfolio\back\src\middlewares\/login_required.js:23:9)
    at Layer.handle [as handle_request] (C:\Users\정현\Desktop\개인프로젝트\MVP\portfolio\back\node_modules\express\lib\router\layer.js:95:5)
    at next (C:\Users\정현\Desktop\개인프로젝트\MVP\portfolio\back\node_modules\express\lib\router\route.js:137:13)
    at Route.dispatch (C:\Users\정현\Desktop\개인프로젝트\MVP\portfolio\back\node_modules\express\lib\router\route.js:112:3)
    at Layer.handle [as handle_request] (C:\Users\정현\Desktop\개인프로젝트\MVP\portfolio\back\node_modules\express\lib\router\layer.js:95:5)
    at C:\Users\정현\Desktop\개인프로젝트\MVP\portfolio\back\node_modules\express\lib\router\index.js:281:22
    at param (C:\Users\정현\Desktop\개인프로젝트\MVP\portfolio\back\node_modules\express\lib\router\index.js:354:14) {
  status: 400,
  payload: { result: false }
}

errorMiddleware @ 22-03-23 / 13:46:57 $
RequestError: record {29e2f39c-afcd-4dee-8da4-d5c90995e39f} not found
    at C:\Users\정현\Desktop\개인프로젝트\MVP\portfolio\back\src\routers\/certificateRouter.js:125:23
    at processTicksAndRejections (node:internal/process/task_queues:96:5) {
  status: 404,
  payload: { result: false }
}

errorMiddleware @ 22-03-23 / 13:47:31 $
RequestError: 
    at C:\Users\정현\Desktop\개인프로젝트\MVP\portfolio\back\src\routers\/certificateRouter.js:109:23
    at Layer.handle [as handle_request] (C:\Users\정현\Desktop\개인프로젝트\MVP\portfolio\back\node_modules\express\lib\router\layer.js:95:5)
    at next (C:\Users\정현\Desktop\개인프로젝트\MVP\portfolio\back\node_modules\express\lib\router\route.js:137:13)
    at login_required (C:\Users\정현\Desktop\개인프로젝트\MVP\portfolio\back\src\middlewares\/login_required.js:23:9)
    at Layer.handle [as handle_request] (C:\Users\정현\Desktop\개인프로젝트\MVP\portfolio\back\node_modules\express\lib\router\layer.js:95:5)
    at next (C:\Users\정현\Desktop\개인프로젝트\MVP\portfolio\back\node_modules\express\lib\router\route.js:137:13)
    at Route.dispatch (C:\Users\정현\Desktop\개인프로젝트\MVP\portfolio\back\node_modules\express\lib\router\route.js:112:3)
    at Layer.handle [as handle_request] (C:\Users\정현\Desktop\개인프로젝트\MVP\portfolio\back\node_modules\express\lib\router\layer.js:95:5)
    at C:\Users\정현\Desktop\개인프로젝트\MVP\portfolio\back\node_modules\express\lib\router\index.js:281:22
    at param (C:\Users\정현\Desktop\개인프로젝트\MVP\portfolio\back\node_modules\express\lib\router\index.js:354:14) {
  status: 400,
  payload: { result: false }
}

errorMiddleware @ 22-03-23 / 13:50:03 $
RequestError: record {1f3e3f21-aa85-43e7-9b0e-3e8ba10a0fb7} not found
    at C:\Users\정현\Desktop\개인프로젝트\MVP\portfolio\back\src\routers\/educationRouter.js:125:23
    at runMicrotasks (<anonymous>)
    at processTicksAndRejections (node:internal/process/task_queues:96:5) {
  status: 404,
  payload: { result: false }
}

errorMiddleware @ 22-03-23 / 13:50:54 $
RequestError: record {1f3e3f21-aa85-43e7-9b0e-3e8ba10a0fb7} not found
    at C:\Users\정현\Desktop\개인프로젝트\MVP\portfolio\back\src\routers\/educationRouter.js:125:23
    at runMicrotasks (<anonymous>)
    at processTicksAndRejections (node:internal/process/task_queues:96:5) {
  status: 404,
  payload: { result: false }
}

errorMiddleware @ 22-03-23 / 13:50:59 $
RequestError: record {1f3e3f21-aa85-43e7-9b0e-3e8ba10a0fb7} not found
    at C:\Users\정현\Desktop\개인프로젝트\MVP\portfolio\back\src\routers\/educationRouter.js:125:23
    at runMicrotasks (<anonymous>)
    at processTicksAndRejections (node:internal/process/task_queues:96:5) {
  status: 404,
  payload: { result: false }
}

errorMiddleware @ 22-03-23 / 13:51:05 $
RequestError: record {1f3e3f21-aa85-43e7-9b0e-3e8ba10a0fb7} not found
    at C:\Users\정현\Desktop\개인프로젝트\MVP\portfolio\back\src\routers\/educationRouter.js:125:23
    at runMicrotasks (<anonymous>)
    at processTicksAndRejections (node:internal/process/task_queues:96:5) {
  status: 404,
  payload: { result: false }
}

errorMiddleware @ 22-03-23 / 13:51:08 $
RequestError: 
    at C:\Users\정현\Desktop\개인프로젝트\MVP\portfolio\back\src\routers\/educationRouter.js:109:23
    at Layer.handle [as handle_request] (C:\Users\정현\Desktop\개인프로젝트\MVP\portfolio\back\node_modules\express\lib\router\layer.js:95:5)
    at next (C:\Users\정현\Desktop\개인프로젝트\MVP\portfolio\back\node_modules\express\lib\router\route.js:137:13)
    at login_required (C:\Users\정현\Desktop\개인프로젝트\MVP\portfolio\back\src\middlewares\/login_required.js:23:9)
    at Layer.handle [as handle_request] (C:\Users\정현\Desktop\개인프로젝트\MVP\portfolio\back\node_modules\express\lib\router\layer.js:95:5)
    at next (C:\Users\정현\Desktop\개인프로젝트\MVP\portfolio\back\node_modules\express\lib\router\route.js:137:13)
    at Route.dispatch (C:\Users\정현\Desktop\개인프로젝트\MVP\portfolio\back\node_modules\express\lib\router\route.js:112:3)
    at Layer.handle [as handle_request] (C:\Users\정현\Desktop\개인프로젝트\MVP\portfolio\back\node_modules\express\lib\router\layer.js:95:5)
    at C:\Users\정현\Desktop\개인프로젝트\MVP\portfolio\back\node_modules\express\lib\router\index.js:281:22
    at param (C:\Users\정현\Desktop\개인프로젝트\MVP\portfolio\back\node_modules\express\lib\router\index.js:354:14) {
  status: 400,
  payload: { result: false }
}

errorMiddleware @ 22-03-23 / 13:51:15 $
SyntaxError: Unexpected token } in JSON at position 24
    at JSON.parse (<anonymous>)
    at parse (C:\Users\정현\Desktop\개인프로젝트\MVP\portfolio\back\node_modules\body-parser\lib\types\json.js:89:19)
    at C:\Users\정현\Desktop\개인프로젝트\MVP\portfolio\back\node_modules\body-parser\lib\read.js:121:18
    at invokeCallback (C:\Users\정현\Desktop\개인프로젝트\MVP\portfolio\back\node_modules\raw-body\index.js:224:16)
    at done (C:\Users\정현\Desktop\개인프로젝트\MVP\portfolio\back\node_modules\raw-body\index.js:213:7)
    at IncomingMessage.onEnd (C:\Users\정현\Desktop\개인프로젝트\MVP\portfolio\back\node_modules\raw-body\index.js:273:7)
    at IncomingMessage.emit (node:events:532:35)
    at IncomingMessage.emit (node:domain:475:12)
    at endReadableNT (node:internal/streams/readable:1343:12)
    at processTicksAndRejections (node:internal/process/task_queues:83:21) {
  expose: true,
  statusCode: 400,
  status: 400,
  body: '{\r\n    "major":"나쁜전공",\r\n}',
  type: 'entity.parse.failed'
}

errorMiddleware @ 22-03-23 / 13:51:19 $
RequestError: record {1f3e3f21-aa85-43e7-9b0e-3e8ba10a0fb7} not found
    at C:\Users\정현\Desktop\개인프로젝트\MVP\portfolio\back\src\routers\/educationRouter.js:125:23
    at runMicrotasks (<anonymous>)
    at processTicksAndRejections (node:internal/process/task_queues:96:5) {
  status: 404,
  payload: { result: false }
}

errorMiddleware @ 22-03-23 / 13:51:26 $
RequestError: record {1f3e3f21-aa85-43e7-9b0e-3e8ba10a0fb7} not found
    at C:\Users\정현\Desktop\개인프로젝트\MVP\portfolio\back\src\routers\/educationRouter.js:125:23
    at runMicrotasks (<anonymous>)
    at processTicksAndRejections (node:internal/process/task_queues:96:5) {
  status: 404,
  payload: { result: false }
}

errorMiddleware @ 22-03-23 / 13:51:30 $
RequestError: 
    at C:\Users\정현\Desktop\개인프로젝트\MVP\portfolio\back\src\routers\/educationRouter.js:109:23
    at Layer.handle [as handle_request] (C:\Users\정현\Desktop\개인프로젝트\MVP\portfolio\back\node_modules\express\lib\router\layer.js:95:5)
    at next (C:\Users\정현\Desktop\개인프로젝트\MVP\portfolio\back\node_modules\express\lib\router\route.js:137:13)
    at login_required (C:\Users\정현\Desktop\개인프로젝트\MVP\portfolio\back\src\middlewares\/login_required.js:23:9)
    at Layer.handle [as handle_request] (C:\Users\정현\Desktop\개인프로젝트\MVP\portfolio\back\node_modules\express\lib\router\layer.js:95:5)
    at next (C:\Users\정현\Desktop\개인프로젝트\MVP\portfolio\back\node_modules\express\lib\router\route.js:137:13)
    at Route.dispatch (C:\Users\정현\Desktop\개인프로젝트\MVP\portfolio\back\node_modules\express\lib\router\route.js:112:3)
    at Layer.handle [as handle_request] (C:\Users\정현\Desktop\개인프로젝트\MVP\portfolio\back\node_modules\express\lib\router\layer.js:95:5)
    at C:\Users\정현\Desktop\개인프로젝트\MVP\portfolio\back\node_modules\express\lib\router\index.js:281:22
    at param (C:\Users\정현\Desktop\개인프로젝트\MVP\portfolio\back\node_modules\express\lib\router\index.js:354:14) {
  status: 400,
  payload: { result: false }
}

errorMiddleware @ 22-03-23 / 13:51:46 $
RequestError: User {2dfb31e4-a3d3-40e2-8dda-42abd33e85ae} is not allwed to modify data of user {2dfb31e4-a3d3-40e2-8dda-42abd33e85awe}
    at C:\Users\정현\Desktop\개인프로젝트\MVP\portfolio\back\src\routers\/educationRouter.js:49:23
    at runMicrotasks (<anonymous>)
    at processTicksAndRejections (node:internal/process/task_queues:96:5) {
  status: 403,
  payload: { result: false }
}



===============================================================================
                 Wed Mar 23 2022 14:00:03 GMT+0900 (대한민국 표준시)
===============================================================================



===============================================================================
                 Wed Mar 23 2022 14:00:43 GMT+0900 (대한민국 표준시)
===============================================================================



===============================================================================
                 Wed Mar 23 2022 14:01:12 GMT+0900 (대한민국 표준시)
===============================================================================



===============================================================================
                 Wed Mar 23 2022 14:01:39 GMT+0900 (대한민국 표준시)
===============================================================================



===============================================================================
                 Wed Mar 23 2022 14:03:06 GMT+0900 (대한민국 표준시)
===============================================================================



===============================================================================
                 Wed Mar 23 2022 14:06:01 GMT+0900 (대한민국 표준시)
===============================================================================

errorMiddleware @ 22-03-23 / 14:06:08 $
ReferenceError: populatedComment is not defined
    at map (C:\Users\정현\Desktop\개인프로젝트\MVP\portfolio\back\src\services\/commentService.js:103:17)
    at Array.map (<anonymous>)
    at Function.getComments (C:\Users\정현\Desktop\개인프로젝트\MVP\portfolio\back\src\services\/commentService.js:102:40)
    at processTicksAndRejections (node:internal/process/task_queues:96:5)
    at C:\Users\정현\Desktop\개인프로젝트\MVP\portfolio\back\src\routers\/commentRouter.js:48:26



===============================================================================
                 Wed Mar 23 2022 14:06:51 GMT+0900 (대한민국 표준시)
===============================================================================

errorMiddleware @ 22-03-23 / 14:09:03 $
Error: 이미 삭제된 또는 존재하지 않아 수정에 실패하였습니다.
    at C:\Users\정현\Desktop\개인프로젝트\MVP\portfolio\back\src\routers\/commentRouter.js:87:23
    at processTicksAndRejections (node:internal/process/task_queues:96:5)

errorMiddleware @ 22-03-23 / 14:09:21 $
Error: User is not an owner of the comment id f9ab2fa0-4008-41d9-82cf-65b8df8e152d
    at C:\Users\정현\Desktop\개인프로젝트\MVP\portfolio\back\src\routers\/commentRouter.js:105:23
    at processTicksAndRejections (node:internal/process/task_queues:96:5)

errorMiddleware @ 22-03-23 / 14:09:37 $
Error: User is not an owner of the comment id f9ab2fa0-4008-41d9-82cf-65b8df8e152d
    at C:\Users\정현\Desktop\개인프로젝트\MVP\portfolio\back\src\routers\/commentRouter.js:105:23
    at processTicksAndRejections (node:internal/process/task_queues:96:5)



===============================================================================
                 Wed Mar 23 2022 14:10:44 GMT+0900 (대한민국 표준시)
===============================================================================



===============================================================================
                 Wed Mar 23 2022 14:13:18 GMT+0900 (대한민국 표준시)
===============================================================================



===============================================================================
                 Wed Mar 23 2022 14:13:29 GMT+0900 (대한민국 표준시)
===============================================================================



===============================================================================
                 Wed Mar 23 2022 14:13:53 GMT+0900 (대한민국 표준시)
===============================================================================

errorMiddleware @ 22-03-23 / 14:14:09 $
ReferenceError: populatedcomment is not defined
    at Function.setComment (C:\Users\정현\Desktop\개인프로젝트\MVP\portfolio\back\src\services\/commentService.js:136:29)
    at processTicksAndRejections (node:internal/process/task_queues:96:5)
    at C:\Users\정현\Desktop\개인프로젝트\MVP\portfolio\back\src\routers\/commentRouter.js:97:42

errorMiddleware @ 22-03-23 / 14:14:26 $
ReferenceError: populatedcomment is not defined
    at Function.setComment (C:\Users\정현\Desktop\개인프로젝트\MVP\portfolio\back\src\services\/commentService.js:136:29)
    at processTicksAndRejections (node:internal/process/task_queues:96:5)
    at C:\Users\정현\Desktop\개인프로젝트\MVP\portfolio\back\src\routers\/commentRouter.js:97:42

errorMiddleware @ 22-03-23 / 14:14:28 $
ReferenceError: populatedcomment is not defined
    at Function.setComment (C:\Users\정현\Desktop\개인프로젝트\MVP\portfolio\back\src\services\/commentService.js:136:29)
    at processTicksAndRejections (node:internal/process/task_queues:96:5)
    at C:\Users\정현\Desktop\개인프로젝트\MVP\portfolio\back\src\routers\/commentRouter.js:97:42



===============================================================================
                 Wed Mar 23 2022 14:14:37 GMT+0900 (대한민국 표준시)
===============================================================================

errorMiddleware @ 22-03-23 / 14:15:28 $
Error: 이미 삭제된 또는 존재하지 않아 수정에 실패하였습니다.
    at C:\Users\정현\Desktop\개인프로젝트\MVP\portfolio\back\src\routers\/commentRouter.js:87:23
    at processTicksAndRejections (node:internal/process/task_queues:96:5)

errorMiddleware @ 22-03-23 / 14:16:41 $
Error: User is not an owner of the comment id f9ab2fa0-4008-41d9-82cf-65b8df8e152d
    at C:\Users\정현\Desktop\개인프로젝트\MVP\portfolio\back\src\routers\/commentRouter.js:105:23
    at processTicksAndRejections (node:internal/process/task_queues:96:5)

errorMiddleware @ 22-03-23 / 14:16:55 $
Error: 이미 삭제 되었거나 존재하지 않아 삭제에 실패하였습니다.
    at C:\Users\정현\Desktop\개인프로젝트\MVP\portfolio\back\src\routers\/commentRouter.js:124:23
    at processTicksAndRejections (node:internal/process/task_queues:96:5)

errorMiddleware @ 22-03-23 / 14:16:57 $
Error: 이미 삭제 되었거나 존재하지 않아 삭제에 실패하였습니다.
    at C:\Users\정현\Desktop\개인프로젝트\MVP\portfolio\back\src\routers\/commentRouter.js:124:23
    at processTicksAndRejections (node:internal/process/task_queues:96:5)

errorMiddleware @ 22-03-23 / 14:21:44 $
Error: content and target_user_id are required.
    at C:\Users\정현\Desktop\개인프로젝트\MVP\portfolio\back\src\routers\/commentRouter.js:26:23
    at Layer.handle [as handle_request] (C:\Users\정현\Desktop\개인프로젝트\MVP\portfolio\back\node_modules\express\lib\router\layer.js:95:5)
    at next (C:\Users\정현\Desktop\개인프로젝트\MVP\portfolio\back\node_modules\express\lib\router\route.js:137:13)
    at login_required (C:\Users\정현\Desktop\개인프로젝트\MVP\portfolio\back\src\middlewares\/login_required.js:23:9)
    at Layer.handle [as handle_request] (C:\Users\정현\Desktop\개인프로젝트\MVP\portfolio\back\node_modules\express\lib\router\layer.js:95:5)
    at next (C:\Users\정현\Desktop\개인프로젝트\MVP\portfolio\back\node_modules\express\lib\router\route.js:137:13)
    at Route.dispatch (C:\Users\정현\Desktop\개인프로젝트\MVP\portfolio\back\node_modules\express\lib\router\route.js:112:3)
    at Layer.handle [as handle_request] (C:\Users\정현\Desktop\개인프로젝트\MVP\portfolio\back\node_modules\express\lib\router\layer.js:95:5)
    at C:\Users\정현\Desktop\개인프로젝트\MVP\portfolio\back\node_modules\express\lib\router\index.js:281:22
    at Function.process_params (C:\Users\정현\Desktop\개인프로젝트\MVP\portfolio\back\node_modules\express\lib\router\index.js:335:12)



===============================================================================
                 Wed Mar 23 2022 14:46:13 GMT+0900 (대한민국 표준시)
===============================================================================



===============================================================================
                 Wed Mar 23 2022 14:52:29 GMT+0900 (대한민국 표준시)
===============================================================================

errorMiddleware @ 22-03-23 / 14:52:48 $
Error: 이미 삭제 되었거나 존재하지 않아 삭제에 실패하였습니다.
    at C:\Users\정현\Desktop\개인프로젝트\MVP\portfolio\back\src\routers\/commentRouter.js:117:23
    at processTicksAndRejections (node:internal/process/task_queues:96:5)

errorMiddleware @ 22-03-23 / 14:57:18 $
Error: school field is required for EducationService record
    at forEach (C:\Users\정현\Desktop\개인프로젝트\MVP\portfolio\back\src\services\/BaseService.js:127:23)
    at Array.forEach (<anonymous>)
    at EducationService.add (C:\Users\정현\Desktop\개인프로젝트\MVP\portfolio\back\src\services\/BaseService.js:125:29)
    at processTicksAndRejections (node:internal/process/task_queues:96:5)



===============================================================================
                 Wed Mar 23 2022 14:57:57 GMT+0900 (대한민국 표준시)
===============================================================================



===============================================================================
                 Wed Mar 23 2022 15:07:18 GMT+0900 (대한민국 표준시)
===============================================================================



===============================================================================
                 Wed Mar 23 2022 15:07:55 GMT+0900 (대한민국 표준시)
===============================================================================



===============================================================================
                 Wed Mar 23 2022 15:12:41 GMT+0900 (대한민국 표준시)
===============================================================================



===============================================================================
                 Wed Mar 23 2022 15:13:56 GMT+0900 (대한민국 표준시)
===============================================================================

errorMiddleware @ 22-03-23 / 15:14:03 $
RequestError: 
    at C:\Users\정현\Desktop\개인프로젝트\MVP\portfolio\back\src\routers\/commentRouter.js:26:23
    at Layer.handle [as handle_request] (C:\Users\정현\Desktop\개인프로젝트\MVP\portfolio\back\node_modules\express\lib\router\layer.js:95:5)
    at next (C:\Users\정현\Desktop\개인프로젝트\MVP\portfolio\back\node_modules\express\lib\router\route.js:137:13)
    at login_required (C:\Users\정현\Desktop\개인프로젝트\MVP\portfolio\back\src\middlewares\/login_required.js:23:9)
    at Layer.handle [as handle_request] (C:\Users\정현\Desktop\개인프로젝트\MVP\portfolio\back\node_modules\express\lib\router\layer.js:95:5)
    at next (C:\Users\정현\Desktop\개인프로젝트\MVP\portfolio\back\node_modules\express\lib\router\route.js:137:13)
    at Route.dispatch (C:\Users\정현\Desktop\개인프로젝트\MVP\portfolio\back\node_modules\express\lib\router\route.js:112:3)
    at Layer.handle [as handle_request] (C:\Users\정현\Desktop\개인프로젝트\MVP\portfolio\back\node_modules\express\lib\router\layer.js:95:5)
    at C:\Users\정현\Desktop\개인프로젝트\MVP\portfolio\back\node_modules\express\lib\router\index.js:281:22
    at Function.process_params (C:\Users\정현\Desktop\개인프로젝트\MVP\portfolio\back\node_modules\express\lib\router\index.js:335:12) {
  status: 400,
  payload: { result: false }
}



===============================================================================
                 Wed Mar 23 2022 15:14:28 GMT+0900 (대한민국 표준시)
===============================================================================



===============================================================================
                 Wed Mar 23 2022 15:20:53 GMT+0900 (대한민국 표준시)
===============================================================================



===============================================================================
                 Wed Mar 23 2022 15:21:17 GMT+0900 (대한민국 표준시)
===============================================================================

errorMiddleware @ 22-03-23 / 15:21:19 $
RequestError: [object Object]
    at C:\Users\정현\Desktop\개인프로젝트\MVP\portfolio\back\src\routers\/commentRouter.js:26:23
    at Layer.handle [as handle_request] (C:\Users\정현\Desktop\개인프로젝트\MVP\portfolio\back\node_modules\express\lib\router\layer.js:95:5)
    at next (C:\Users\정현\Desktop\개인프로젝트\MVP\portfolio\back\node_modules\express\lib\router\route.js:137:13)
    at login_required (C:\Users\정현\Desktop\개인프로젝트\MVP\portfolio\back\src\middlewares\/login_required.js:23:9)
    at Layer.handle [as handle_request] (C:\Users\정현\Desktop\개인프로젝트\MVP\portfolio\back\node_modules\express\lib\router\layer.js:95:5)
    at next (C:\Users\정현\Desktop\개인프로젝트\MVP\portfolio\back\node_modules\express\lib\router\route.js:137:13)
    at Route.dispatch (C:\Users\정현\Desktop\개인프로젝트\MVP\portfolio\back\node_modules\express\lib\router\route.js:112:3)
    at Layer.handle [as handle_request] (C:\Users\정현\Desktop\개인프로젝트\MVP\portfolio\back\node_modules\express\lib\router\layer.js:95:5)
    at C:\Users\정현\Desktop\개인프로젝트\MVP\portfolio\back\node_modules\express\lib\router\index.js:281:22
    at Function.process_params (C:\Users\정현\Desktop\개인프로젝트\MVP\portfolio\back\node_modules\express\lib\router\index.js:335:12) {
  status: 400,
  payload: { result: false }
}

errorMiddleware @ 22-03-23 / 15:21:50 $
RequestError: [object Object]
    at C:\Users\정현\Desktop\개인프로젝트\MVP\portfolio\back\src\routers\/commentRouter.js:26:23
    at Layer.handle [as handle_request] (C:\Users\정현\Desktop\개인프로젝트\MVP\portfolio\back\node_modules\express\lib\router\layer.js:95:5)
    at next (C:\Users\정현\Desktop\개인프로젝트\MVP\portfolio\back\node_modules\express\lib\router\route.js:137:13)
    at login_required (C:\Users\정현\Desktop\개인프로젝트\MVP\portfolio\back\src\middlewares\/login_required.js:23:9)
    at Layer.handle [as handle_request] (C:\Users\정현\Desktop\개인프로젝트\MVP\portfolio\back\node_modules\express\lib\router\layer.js:95:5)
    at next (C:\Users\정현\Desktop\개인프로젝트\MVP\portfolio\back\node_modules\express\lib\router\route.js:137:13)
    at Route.dispatch (C:\Users\정현\Desktop\개인프로젝트\MVP\portfolio\back\node_modules\express\lib\router\route.js:112:3)
    at Layer.handle [as handle_request] (C:\Users\정현\Desktop\개인프로젝트\MVP\portfolio\back\node_modules\express\lib\router\layer.js:95:5)
    at C:\Users\정현\Desktop\개인프로젝트\MVP\portfolio\back\node_modules\express\lib\router\index.js:281:22
    at Function.process_params (C:\Users\정현\Desktop\개인프로젝트\MVP\portfolio\back\node_modules\express\lib\router\index.js:335:12) {
  status: 400,
  payload: { result: false }
}



===============================================================================
                 Wed Mar 23 2022 15:23:27 GMT+0900 (대한민국 표준시)
===============================================================================

errorMiddleware @ 22-03-23 / 15:23:29 $
RequestError: 
    at C:\Users\정현\Desktop\개인프로젝트\MVP\portfolio\back\src\routers\/commentRouter.js:26:23
    at Layer.handle [as handle_request] (C:\Users\정현\Desktop\개인프로젝트\MVP\portfolio\back\node_modules\express\lib\router\layer.js:95:5)
    at next (C:\Users\정현\Desktop\개인프로젝트\MVP\portfolio\back\node_modules\express\lib\router\route.js:137:13)
    at login_required (C:\Users\정현\Desktop\개인프로젝트\MVP\portfolio\back\src\middlewares\/login_required.js:23:9)
    at Layer.handle [as handle_request] (C:\Users\정현\Desktop\개인프로젝트\MVP\portfolio\back\node_modules\express\lib\router\layer.js:95:5)
    at next (C:\Users\정현\Desktop\개인프로젝트\MVP\portfolio\back\node_modules\express\lib\router\route.js:137:13)
    at Route.dispatch (C:\Users\정현\Desktop\개인프로젝트\MVP\portfolio\back\node_modules\express\lib\router\route.js:112:3)
    at Layer.handle [as handle_request] (C:\Users\정현\Desktop\개인프로젝트\MVP\portfolio\back\node_modules\express\lib\router\layer.js:95:5)
    at C:\Users\정현\Desktop\개인프로젝트\MVP\portfolio\back\node_modules\express\lib\router\index.js:281:22
    at Function.process_params (C:\Users\정현\Desktop\개인프로젝트\MVP\portfolio\back\node_modules\express\lib\router\index.js:335:12) {
  status: 400,
  payload: { result: false }
}

errorMiddleware @ 22-03-23 / 15:23:32 $
RequestError: 
    at C:\Users\정현\Desktop\개인프로젝트\MVP\portfolio\back\src\routers\/commentRouter.js:26:23
    at Layer.handle [as handle_request] (C:\Users\정현\Desktop\개인프로젝트\MVP\portfolio\back\node_modules\express\lib\router\layer.js:95:5)
    at next (C:\Users\정현\Desktop\개인프로젝트\MVP\portfolio\back\node_modules\express\lib\router\route.js:137:13)
    at login_required (C:\Users\정현\Desktop\개인프로젝트\MVP\portfolio\back\src\middlewares\/login_required.js:23:9)
    at Layer.handle [as handle_request] (C:\Users\정현\Desktop\개인프로젝트\MVP\portfolio\back\node_modules\express\lib\router\layer.js:95:5)
    at next (C:\Users\정현\Desktop\개인프로젝트\MVP\portfolio\back\node_modules\express\lib\router\route.js:137:13)
    at Route.dispatch (C:\Users\정현\Desktop\개인프로젝트\MVP\portfolio\back\node_modules\express\lib\router\route.js:112:3)
    at Layer.handle [as handle_request] (C:\Users\정현\Desktop\개인프로젝트\MVP\portfolio\back\node_modules\express\lib\router\layer.js:95:5)
    at C:\Users\정현\Desktop\개인프로젝트\MVP\portfolio\back\node_modules\express\lib\router\index.js:281:22
    at Function.process_params (C:\Users\정현\Desktop\개인프로젝트\MVP\portfolio\back\node_modules\express\lib\router\index.js:335:12) {
  status: 400,
  payload: { result: false }
}



===============================================================================
                 Wed Mar 23 2022 15:24:56 GMT+0900 (대한민국 표준시)
===============================================================================

errorMiddleware @ 22-03-23 / 15:24:57 $
Error: user_id,target_user_id,content are required
    at C:\Users\정현\Desktop\개인프로젝트\MVP\portfolio\back\src\routers\/commentRouter.js:26:23
    at Layer.handle [as handle_request] (C:\Users\정현\Desktop\개인프로젝트\MVP\portfolio\back\node_modules\express\lib\router\layer.js:95:5)
    at next (C:\Users\정현\Desktop\개인프로젝트\MVP\portfolio\back\node_modules\express\lib\router\route.js:137:13)
    at login_required (C:\Users\정현\Desktop\개인프로젝트\MVP\portfolio\back\src\middlewares\/login_required.js:23:9)
    at Layer.handle [as handle_request] (C:\Users\정현\Desktop\개인프로젝트\MVP\portfolio\back\node_modules\express\lib\router\layer.js:95:5)
    at next (C:\Users\정현\Desktop\개인프로젝트\MVP\portfolio\back\node_modules\express\lib\router\route.js:137:13)
    at Route.dispatch (C:\Users\정현\Desktop\개인프로젝트\MVP\portfolio\back\node_modules\express\lib\router\route.js:112:3)
    at Layer.handle [as handle_request] (C:\Users\정현\Desktop\개인프로젝트\MVP\portfolio\back\node_modules\express\lib\router\layer.js:95:5)
    at C:\Users\정현\Desktop\개인프로젝트\MVP\portfolio\back\node_modules\express\lib\router\index.js:281:22
    at Function.process_params (C:\Users\정현\Desktop\개인프로젝트\MVP\portfolio\back\node_modules\express\lib\router\index.js:335:12)



===============================================================================
                 Wed Mar 23 2022 15:35:00 GMT+0900 (대한민국 표준시)
===============================================================================



===============================================================================
                 Wed Mar 23 2022 15:35:11 GMT+0900 (대한민국 표준시)
===============================================================================



===============================================================================
                 Wed Mar 23 2022 15:36:15 GMT+0900 (대한민국 표준시)
===============================================================================



===============================================================================
                 Wed Mar 23 2022 15:39:13 GMT+0900 (대한민국 표준시)
===============================================================================

errorMiddleware @ 22-03-23 / 15:39:35 $
ReferenceError: found is not defined
    at C:\Users\정현\Desktop\개인프로젝트\MVP\portfolio\back\src\routers\/commentRouter.js:67:31
    at processTicksAndRejections (node:internal/process/task_queues:96:5)



===============================================================================
                 Wed Mar 23 2022 15:39:55 GMT+0900 (대한민국 표준시)
===============================================================================

errorMiddleware @ 22-03-23 / 15:39:59 $
RequestError: record {070f7168-ab92-4da4-b253-17b4a82e2896f9ab2fa0-4008-41d9-82cf-65b8df8e152d} not found
    at C:\Users\정현\Desktop\개인프로젝트\MVP\portfolio\back\src\routers\/commentRouter.js:66:23
    at processTicksAndRejections (node:internal/process/task_queues:96:5) {
  status: 404,
  payload: { result: false }
}



===============================================================================
                 Wed Mar 23 2022 15:40:28 GMT+0900 (대한민국 표준시)
===============================================================================



===============================================================================
                 Wed Mar 23 2022 15:40:41 GMT+0900 (대한민국 표준시)
===============================================================================



===============================================================================
                 Wed Mar 23 2022 15:43:49 GMT+0900 (대한민국 표준시)
===============================================================================



===============================================================================
                 Wed Mar 23 2022 15:44:04 GMT+0900 (대한민국 표준시)
===============================================================================

errorMiddleware @ 22-03-23 / 15:44:04 $
RequestError: record {070f7168-ab92-4da4-b253-17b4a82e2896f9ab2fa0-4008-41d9-82cf-65b8df8e152} not found
    at C:\Users\정현\Desktop\개인프로젝트\MVP\portfolio\back\src\routers\/commentRouter.js:87:23
    at processTicksAndRejections (node:internal/process/task_queues:96:5) {
  status: 404,
  payload: { result: false }
}

errorMiddleware @ 22-03-23 / 15:44:56 $
RequestError: record {070f7168-ab92-4da4-b253-17b4a82e2896f9ab2fa0-4008-41d9-82cf-65b8df8e152d} not found
    at C:\Users\정현\Desktop\개인프로젝트\MVP\portfolio\back\src\routers\/commentRouter.js:87:23
    at processTicksAndRejections (node:internal/process/task_queues:96:5) {
  status: 404,
  payload: { result: false }
}

errorMiddleware @ 22-03-23 / 15:45:02 $
Error: user_id,target_user_id,content are required
    at C:\Users\정현\Desktop\개인프로젝트\MVP\portfolio\back\src\routers\/commentRouter.js:26:23
    at Layer.handle [as handle_request] (C:\Users\정현\Desktop\개인프로젝트\MVP\portfolio\back\node_modules\express\lib\router\layer.js:95:5)
    at next (C:\Users\정현\Desktop\개인프로젝트\MVP\portfolio\back\node_modules\express\lib\router\route.js:137:13)
    at login_required (C:\Users\정현\Desktop\개인프로젝트\MVP\portfolio\back\src\middlewares\/login_required.js:23:9)
    at Layer.handle [as handle_request] (C:\Users\정현\Desktop\개인프로젝트\MVP\portfolio\back\node_modules\express\lib\router\layer.js:95:5)
    at next (C:\Users\정현\Desktop\개인프로젝트\MVP\portfolio\back\node_modules\express\lib\router\route.js:137:13)
    at Route.dispatch (C:\Users\정현\Desktop\개인프로젝트\MVP\portfolio\back\node_modules\express\lib\router\route.js:112:3)
    at Layer.handle [as handle_request] (C:\Users\정현\Desktop\개인프로젝트\MVP\portfolio\back\node_modules\express\lib\router\layer.js:95:5)
    at C:\Users\정현\Desktop\개인프로젝트\MVP\portfolio\back\node_modules\express\lib\router\index.js:281:22
    at Function.process_params (C:\Users\정현\Desktop\개인프로젝트\MVP\portfolio\back\node_modules\express\lib\router\index.js:335:12)

errorMiddleware @ 22-03-23 / 15:45:20 $
RequestError: User is not an owner of the comment id 00ff58b6-77f5-472d-bad9-e44b9d91c177
    at C:\Users\정현\Desktop\개인프로젝트\MVP\portfolio\back\src\routers\/commentRouter.js:104:23
    at processTicksAndRejections (node:internal/process/task_queues:96:5) {
  status: 403,
  payload: { result: false }
}

errorMiddleware @ 22-03-23 / 15:46:24 $
RequestError: User is not an owner of the comment id 00ff58b6-77f5-472d-bad9-e44b9d91c177
    at C:\Users\정현\Desktop\개인프로젝트\MVP\portfolio\back\src\routers\/commentRouter.js:138:23
    at processTicksAndRejections (node:internal/process/task_queues:96:5) {
  status: 403,
  payload: { result: false }
}



===============================================================================
                 Wed Mar 23 2022 15:47:10 GMT+0900 (대한민국 표준시)
===============================================================================



===============================================================================
                 Wed Mar 23 2022 15:47:24 GMT+0900 (대한민국 표준시)
===============================================================================



===============================================================================
                 Wed Mar 23 2022 15:48:01 GMT+0900 (대한민국 표준시)
===============================================================================



===============================================================================
                 Wed Mar 23 2022 15:49:02 GMT+0900 (대한민국 표준시)
===============================================================================

errorMiddleware @ 22-03-23 / 15:49:03 $
RequestError: Trying to create different user's comments
    at C:\Users\정현\Desktop\개인프로젝트\MVP\portfolio\back\src\routers\/commentRouter.js:29:23
    at Layer.handle [as handle_request] (C:\Users\정현\Desktop\개인프로젝트\MVP\portfolio\back\node_modules\express\lib\router\layer.js:95:5)
    at next (C:\Users\정현\Desktop\개인프로젝트\MVP\portfolio\back\node_modules\express\lib\router\route.js:137:13)
    at login_required (C:\Users\정현\Desktop\개인프로젝트\MVP\portfolio\back\src\middlewares\/login_required.js:23:9)
    at Layer.handle [as handle_request] (C:\Users\정현\Desktop\개인프로젝트\MVP\portfolio\back\node_modules\express\lib\router\layer.js:95:5)
    at next (C:\Users\정현\Desktop\개인프로젝트\MVP\portfolio\back\node_modules\express\lib\router\route.js:137:13)
    at Route.dispatch (C:\Users\정현\Desktop\개인프로젝트\MVP\portfolio\back\node_modules\express\lib\router\route.js:112:3)
    at Layer.handle [as handle_request] (C:\Users\정현\Desktop\개인프로젝트\MVP\portfolio\back\node_modules\express\lib\router\layer.js:95:5)
    at C:\Users\정현\Desktop\개인프로젝트\MVP\portfolio\back\node_modules\express\lib\router\index.js:281:22
    at Function.process_params (C:\Users\정현\Desktop\개인프로젝트\MVP\portfolio\back\node_modules\express\lib\router\index.js:335:12) {
  status: 403,
  payload: { result: false }
}

errorMiddleware @ 22-03-23 / 15:49:31 $
RequestError: User is not an owner of the comment id 00ff58b6-77f5-472d-bad9-e44b9d91c177
    at C:\Users\정현\Desktop\개인프로젝트\MVP\portfolio\back\src\routers\/commentRouter.js:141:23
    at processTicksAndRejections (node:internal/process/task_queues:96:5) {
  status: 403,
  payload: { result: false }
}

errorMiddleware @ 22-03-23 / 15:49:57 $
RequestError: record {00ff58b6-77f5-472d-bad9-e44b9d91c177} not found
    at C:\Users\정현\Desktop\개인프로젝트\MVP\portfolio\back\src\routers\/commentRouter.js:129:23
    at processTicksAndRejections (node:internal/process/task_queues:96:5) {
  status: 404,
  payload: { result: false }
}



===============================================================================
                 Thu Mar 24 2022 10:02:17 GMT+0900 (대한민국 표준시)
===============================================================================

